<?xml version="1.0" encoding="UTF-8"?>
<testng-results ignored="0" total="1" passed="1" failed="0" skipped="0">
  <reporter-output>
  </reporter-output>
  <suite started-at="2024-09-06T12:53:18 IST" name="Default suite" finished-at="2024-09-06T12:53:46 IST" duration-ms="27534">
    <groups>
    </groups>
    <test started-at="2024-09-06T12:53:18 IST" name="Default test" finished-at="2024-09-06T12:53:46 IST" duration-ms="27534">
      <class name="ShoppersStack.Login">
        <test-method signature="loginToGenToken()[pri:0, instance:ShoppersStack.Login@15ff3e9e]" started-at="2024-09-06T12:53:18 IST" name="loginToGenToken" finished-at="2024-09-06T12:53:46 IST" duration-ms="27476" status="PASS">
          <reporter-output>
          </reporter-output>
        </test-method> <!-- loginToGenToken -->
      </class> <!-- ShoppersStack.Login -->
    </test> <!-- Default test -->
  </suite> <!-- Default suite -->
</testng-results>
